This is pdfTeX, Version 3.1415926-1.40.11 (MiKTeX 2.9) (preloaded format=pdflatex 2011.3.10)  21 MAR 2011 15:56
entering extended mode
**org/tex/book.tex
(C:\Users\bilal\gitRepo\257\org/tex/book.tex
LaTeX2e <2009/09/24>
Babel <v3.8l> and hyphenation patterns for english, afrikaans, ancientgreek, ar
abic, armenian, assamese, basque, bengali, bokmal, bulgarian, catalan, coptic, 
croatian, czech, danish, dutch, esperanto, estonian, farsi, finnish, french, ga
lician, german, german-x-2009-06-19, greek, gujarati, hindi, hungarian, iceland
ic, indonesian, interlingua, irish, italian, kannada, kurmanji, lao, latin, lat
vian, lithuanian, malayalam, marathi, mongolian, mongolianlmc, monogreek, ngerm
an, ngerman-x-2009-06-19, nynorsk, oriya, panjabi, pinyin, polish, portuguese, 
romanian, russian, sanskrit, serbian, slovak, slovenian, spanish, swedish, swis
sgerman, tamil, telugu, turkish, turkmen, ukenglish, ukrainian, uppersorbian, u
senglishmax, welsh, loaded.
("C:\Program Files\MiKTeX 2.9\tex\latex\base\book.cls"
Document Class: book 2007/10/19 v1.4h Standard LaTeX document class
("C:\Program Files\MiKTeX 2.9\tex\latex\base\bk12.clo"
File: bk12.clo 2007/10/19 v1.4h Standard LaTeX file (size option)
)
\c@part=\count79
\c@chapter=\count80
\c@section=\count81
\c@subsection=\count82
\c@subsubsection=\count83
\c@paragraph=\count84
\c@subparagraph=\count85
\c@figure=\count86
\c@table=\count87
\abovecaptionskip=\skip41
\belowcaptionskip=\skip42
\bibindent=\dimen102
)
("C:\Program Files\MiKTeX 2.9\tex\latex\listings\listings.sty"
("C:\Program Files\MiKTeX 2.9\tex\latex\graphics\keyval.sty"
Package: keyval 1999/03/16 v1.13 key=value parser (DPC)
\KV@toks@=\toks14
)
\lst@mode=\count88
\lst@gtempboxa=\box26
\lst@token=\toks15
\lst@length=\count89
\lst@currlwidth=\dimen103
\lst@column=\count90
\lst@pos=\count91
\lst@lostspace=\dimen104
\lst@width=\dimen105
\lst@newlines=\count92
\lst@lineno=\count93
\lst@maxwidth=\dimen106

("C:\Program Files\MiKTeX 2.9\tex\latex\listings\lstmisc.sty"
File: lstmisc.sty 2007/02/22 1.4 (Carsten Heinz)
\c@lstnumber=\count94
\lst@skipnumbers=\count95
\lst@framebox=\box27
)
("C:\Program Files\MiKTeX 2.9\tex\latex\listings\listings.cfg"
File: listings.cfg 2007/02/22 1.4 listings configuration
))
Package: listings 2007/02/22 1.4 (Carsten Heinz)

("C:\Program Files\MiKTeX 2.9\tex\latex\graphics\color.sty"
Package: color 2005/11/14 v1.0j Standard LaTeX Color (DPC)

("C:\Program Files\MiKTeX 2.9\tex\latex\00miktex\color.cfg"
File: color.cfg 2007/01/18 v1.5 color configuration of teTeX/TeXLive
)
Package color Info: Driver file: pdftex.def on input line 130.

("C:\Program Files\MiKTeX 2.9\tex\latex\pdftex-def\pdftex.def"
File: pdftex.def 2010/09/14 v0.05b Graphics/color for pdfTeX
\Gread@gobject=\count96
))
\GPT@outputbox=\box28

("C:\Program Files\MiKTeX 2.9\tex\latex\graphics\graphicx.sty"
Package: graphicx 1999/02/16 v1.0f Enhanced LaTeX Graphics (DPC,SPQR)

("C:\Program Files\MiKTeX 2.9\tex\latex\graphics\graphics.sty"
Package: graphics 2009/02/05 v1.0o Standard LaTeX Graphics (DPC,SPQR)

("C:\Program Files\MiKTeX 2.9\tex\latex\graphics\trig.sty"
Package: trig 1999/03/16 v1.09 sin cos tan (DPC)
)
("C:\Program Files\MiKTeX 2.9\tex\latex\00miktex\graphics.cfg"
File: graphics.cfg 2007/01/18 v1.5 graphics configuration of teTeX/TeXLive
)
Package graphics Info: Driver file: pdftex.def on input line 91.
)
\Gin@req@height=\dimen107
\Gin@req@width=\dimen108
)
("C:\Program Files\MiKTeX 2.9\tex\latex\wrapfig\wrapfig.sty"
\wrapoverhang=\dimen109
\WF@size=\dimen110
\c@WF@wrappedlines=\count97
\WF@box=\box29
\WF@everypar=\toks16
Package: wrapfig 2003/01/31  v 3.6
)
(C:\Users\bilal\gitRepo\257\org\out\book.aux)
LaTeX Font Info:    Checking defaults for OML/cmm/m/it on input line 24.
LaTeX Font Info:    ... okay on input line 24.
LaTeX Font Info:    Checking defaults for T1/cmr/m/n on input line 24.
LaTeX Font Info:    ... okay on input line 24.
LaTeX Font Info:    Checking defaults for OT1/cmr/m/n on input line 24.
LaTeX Font Info:    ... okay on input line 24.
LaTeX Font Info:    Checking defaults for OMS/cmsy/m/n on input line 24.
LaTeX Font Info:    ... okay on input line 24.
LaTeX Font Info:    Checking defaults for OMX/cmex/m/n on input line 24.
LaTeX Font Info:    ... okay on input line 24.
LaTeX Font Info:    Checking defaults for U/cmr/m/n on input line 24.
LaTeX Font Info:    ... okay on input line 24.
\c@lstlisting=\count98

("C:\Program Files\MiKTeX 2.9\tex\context\base\supp-pdf.mkii"
[Loading MPS to PDF converter (version 2006.09.02).]
\scratchcounter=\count99
\scratchdimen=\dimen111
\scratchbox=\box30
\nofMPsegments=\count100
\nofMParguments=\count101
\everyMPshowfont=\toks17
\MPscratchCnt=\count102
\MPscratchDim=\dimen112
\MPnumerator=\count103
\everyMPtoPDFconversion=\toks18
) <org/art/cannabis.png, id=1, 564.1075pt x 601.24625pt>
File: org/art/cannabis.png Graphic file (type png)

<use org/art/cannabis.png>
LaTeX Font Info:    External font `cmex10' loaded for size
(Font)              <14.4> on input line 25.
LaTeX Font Info:    External font `cmex10' loaded for size
(Font)              <7> on input line 25.


LaTeX Warning: No \author given.

[1


{C:/ProgramData/MiKTeX/2.9/pdftex/config/pdftex.map} <C:/Users/bilal/gitRepo/25
7/org/art/cannabis.png>] [2

]
Chapter 1.

Underfull \vbox (badness 10000) has occurred while \output is active []

 [3]
[4]
Chapter 2.
<org/art/takingHelp.png, id=22, 301.125pt x 401.5pt>
File: org/art/takingHelp.png Graphic file (type png)

<use org/art/takingHelp.png> [5

 <C:/Users/bilal/gitRepo/257/org/art/takingHelp.png (PNG copy)>] [6

]
Chapter 3.
<org/art/getStartedHigh.png, id=29, 401.5pt x 301.125pt>
File: org/art/getStartedHigh.png Graphic file (type png)

<use org/art/getStartedHigh.png>
(C:\Users\bilal\gitRepo\257\app/stage1/server.coffee
Overfull \hbox (55.24643pt too wide) in paragraph at lines 3--4
[][][][][][][][][][][][][][][][][][][][][] 
 []


Overfull \hbox (147.04846pt too wide) in paragraph at lines 4--5
[][][][][][][][][][][][][][][][][][][][][][][][][][] 
 []

)
Overfull \hbox (129.98454pt too wide) in paragraph at lines 104--105
[][][][][][][] 
 []

[7 <C:/Users/bilal/gitRepo/257/org/art/getStartedHigh.png>] [8

]
Chapter 4.
<org/art/fasterEasier.png, id=42, 401.5pt x 301.125pt>
File: org/art/fasterEasier.png Graphic file (type png)

<use org/art/fasterEasier.png>
(C:\Users\bilal\gitRepo\257\app/stage2/server.coffee
Overfull \hbox (152.14857pt too wide) in paragraph at lines 7--9
[][][][][][][][][][][][][][][][][][][][][][][][][][] 
 []

) [9 <C:/Users/bilal/gitRepo/257/org/art/fasterEasier.png (PNG copy)>] [10

]
Chapter 5.
<org/art/dataStorage.png, id=49, 401.5pt x 301.125pt>
File: org/art/dataStorage.png Graphic file (type png)

<use org/art/dataStorage.png>
Underfull \hbox (badness 1527) in paragraph at lines 137--139
[][]\OT1/cmr/m/n/12 MongoDB will store our data. Note
 []

(C:\Users\bilal\gitRepo\257\app/stage3/server.coffee [11 <C:/Users/bilal/gitRep
o/257/org/art/dataStorage.png (PNG copy)>]
Overfull \hbox (152.14857pt too wide) in paragraph at lines 22--24
[][][][][][][][][][][][][][][][][][][][][][][][][][] 
 []

)
Underfull \hbox (badness 10000) in paragraph at lines 144--147

 []

[12]
Chapter 6.
<org/art/organized.png, id=56, 220.825pt x 156.585pt>
File: org/art/organized.png Graphic file (type png)

<use org/art/organized.png>
Underfull \hbox (badness 1199) in paragraph at lines 174--176
[][]\OT1/cmr/m/n/12 We will stick to a com-mon lay-out in
 []


Underfull \hbox (badness 1735) in paragraph at lines 174--176
\OT1/cmr/m/n/12 run. It also makes it eas-ier to un-der-
 []


Underfull \hbox (badness 2662) in paragraph at lines 174--176
\OT1/cmr/m/n/12 stand and main-tain. Here, mod-els di-
 []


Underfull \hbox (badness 1024) in paragraph at lines 174--176
\OT1/cmr/m/n/12 rec-tory will con-tain the data mod-els cor-
 []


Underfull \hbox (badness 1824) in paragraph at lines 174--176
\OT1/cmr/m/n/12 re-spond-ing to the database. Con-trollers
 []


Underfull \hbox (badness 1953) in paragraph at lines 174--176
\OT1/cmr/m/n/12 will be han-dlers of dif-fer-ent type of re-
 []


Underfull \hbox (badness 10000) in paragraph at lines 174--176

 []


Overfull \hbox (67.11514pt too wide) in paragraph at lines 188--188
[]       \OT1/cmtt/m/n/12 app.coffee               (our application)[] 
 []


Overfull \hbox (97.99016pt too wide) in paragraph at lines 188--188
[]       \OT1/cmtt/m/n/12 |--models                (contains data models)[] 
 []


Overfull \hbox (60.94014pt too wide) in paragraph at lines 188--188
[]       \OT1/cmtt/m/n/12 |--views                 (jade templates)[] 
 []


Overfull \hbox (159.74019pt too wide) in paragraph at lines 188--188
[]       \OT1/cmtt/m/n/12 |--controllers           (handler for different reque
sts)[] 
 []


Overfull \hbox (48.59013pt too wide) in paragraph at lines 188--188
[]       \OT1/cmtt/m/n/12 |--data                  (data storage)[] 
 []


Overfull \hbox (60.94014pt too wide) in paragraph at lines 188--188
[]       \OT1/cmtt/m/n/12 |--public                (static content)[] 
 []

[13

 <C:/Users/bilal/gitRepo/257/org/art/organized.png (PNG copy)>]
Underfull \hbox (badness 10000) in paragraph at lines 193--194

 []

(C:\Users\bilal\gitRepo\257\app/stage4/app.coffee)
(C:\Users\bilal\gitRepo\257\app/stage4/models/movie.coffee)
(C:\Users\bilal\gitRepo\257\app/stage4/controllers/home.coffee)
Overfull \hbox (33.30937pt too wide) in paragraph at lines 3--196
[][][][][][][][][][][][][][][][][][][][][][][][][][] 
 []

(C:\Users\bilal\gitRepo\257\app/stage4/controllers/movie.coffee [14]) [15]
(C:\Users\bilal\gitRepo\257\org\out\book.aux) ) 
Here is how much of TeX's memory you used:
 2349 strings out of 494019
 33379 string characters out of 3146498
 103558 words of memory out of 3000000
 5627 multiletter control sequences out of 15000+200000
 8647 words of font info for 31 fonts, out of 3000000 for 9000
 714 hyphenation exceptions out of 8191
 26i,6n,32p,377b,1471s stack positions out of 5000i,500n,10000p,200000b,50000s
<C:/Program Files/MiKTeX 2.9/fon
ts/type1/public/amsfonts/cm/cmbx12.pfb><C:/Program Files/MiKTeX 2.9/fonts/type1
/public/amsfonts/cm/cmcsc10.pfb><C:/Program Files/MiKTeX 2.9/fonts/type1/public
/amsfonts/cm/cmr10.pfb><C:/Program Files/MiKTeX 2.9/fonts/type1/public/amsfonts
/cm/cmr12.pfb><C:/Program Files/MiKTeX 2.9/fonts/type1/public/amsfonts/cm/cmr17
.pfb><C:/Program Files/MiKTeX 2.9/fonts/type1/public/amsfonts/cm/cmr8.pfb><C:/P
rogram Files/MiKTeX 2.9/fonts/type1/public/amsfonts/cm/cmsl12.pfb><C:/Program F
iles/MiKTeX 2.9/fonts/type1/public/amsfonts/cm/cmti12.pfb><C:/Program Files/MiK
TeX 2.9/fonts/type1/public/amsfonts/cm/cmtt12.pfb><C:/Program Files/MiKTeX 2.9/
fonts/type1/public/amsfonts/cm/cmtt8.pfb>
Output written on book.pdf (15 pages, 800297 bytes).
PDF statistics:
 100 PDF objects out of 1000 (max. 8388607)
 0 named destinations out of 1000 (max. 500000)
 31 words of extra memory for PDF output out of 10000 (max. 10000000)

